<?xml version="1.0" encoding="UTF-8"?>
<!-- Generated by org.testng.reporters.JUnitXMLReporter -->
<testsuite ignored="2" hostname="SADEV-07" failures="2" tests="3" name="Test" time="52.667" errors="0" timestamp="2024-10-27T12:53:38 EEST">
  <testcase classname="tests.TestBase" name="@AfterMethod stopDriver" time="0.015">
    <failure type="java.lang.NullPointerException">
      <![CDATA[java.lang.NullPointerException
at utilities.helper.captureScreenshot(helper.java:24)
at tests.TestBase.stopDriver(TestBase.java:48)
at java.base/java.util.ArrayList.forEach(ArrayList.java:1541)
... Removed 32 stack frames]]>
    </failure>
  </testcase> <!-- @AfterMethod stopDriver -->
  <testcase classname="tests.TestBase" name="@AfterMethod stopDriver" time="0.0">
    <failure type="java.lang.NullPointerException">
      <![CDATA[java.lang.NullPointerException
at utilities.helper.captureScreenshot(helper.java:24)
at tests.TestBase.stopDriver(TestBase.java:48)
at java.base/java.util.ArrayList.forEach(ArrayList.java:1541)
... Removed 32 stack frames]]>
    </failure>
  </testcase> <!-- @AfterMethod stopDriver -->
  <testcase classname="tests.TestBrandsPage" name="usercancreatanewBrand" time="34.649"/>
  <testcase classname="tests.TestCategoryPage" name="UserCanCreatanewCategory" time="0.015">
    <failure type="java.lang.NullPointerException">
      <![CDATA[java.lang.NullPointerException
at org.openqa.selenium.support.pagefactory.DefaultElementLocator.findElement(DefaultElementLocator.java:68)
at org.openqa.selenium.support.pagefactory.internal.LocatingElementHandler.invoke(LocatingElementHandler.java:38)
at com.sun.proxy.$Proxy14.sendKeys(Unknown Source)
at pages.pageBase.setTextElementText(pageBase.java:33)
at pages.LoginPage.Userlogin(LoginPage.java:26)
at tests.TestCategoryPage.UserCanCreatanewCategory(TestCategoryPage.java:40)
at java.base/java.util.ArrayList.forEach(ArrayList.java:1541)
... Removed 27 stack frames]]>
    </failure>
  </testcase> <!-- UserCanCreatanewCategory -->
  <testcase classname="tests.TestmodelPage" name="usercancreatenewmodel" time="0.016">
    <failure type="java.lang.NullPointerException">
      <![CDATA[java.lang.NullPointerException
at org.openqa.selenium.support.pagefactory.DefaultElementLocator.findElement(DefaultElementLocator.java:68)
at org.openqa.selenium.support.pagefactory.internal.LocatingElementHandler.invoke(LocatingElementHandler.java:38)
at com.sun.proxy.$Proxy14.sendKeys(Unknown Source)
at pages.pageBase.setTextElementText(pageBase.java:33)
at pages.LoginPage.Userlogin(LoginPage.java:26)
at tests.TestmodelPage.usercancreatenewmodel(TestmodelPage.java:41)
at java.base/java.util.ArrayList.forEach(ArrayList.java:1541)
... Removed 27 stack frames]]>
    </failure>
  </testcase> <!-- usercancreatenewmodel -->
  <testcase classname="tests.TestBase" name="@BeforeTest startDriver" time="0.0">
    <ignored/>
  </testcase> <!-- @BeforeTest startDriver -->
  <testcase classname="tests.TestBase" name="@BeforeTest startDriver" time="0.0">
    <ignored/>
  </testcase> <!-- @BeforeTest startDriver -->
</testsuite> <!-- Test -->
